{"/Users/tandemseven/projects/components/render/source/index.js": {"path":"/Users/tandemseven/projects/components/render/source/index.js","statementMap":{"0":{"start":{"line":20,"column":13},"end":{"line":20,"column":17}},"1":{"start":{"line":23,"column":4},"end":{"line":25,"column":5}},"2":{"start":{"line":24,"column":6},"end":{"line":24,"column":30}},"3":{"start":{"line":28,"column":4},"end":{"line":32,"column":5}},"4":{"start":{"line":37,"column":0},"end":{"line":42,"column":1}},"5":{"start":{"line":45,"column":0},"end":{"line":48,"column":1}}},"fnMap":{"0":{"name":"(anonymous_0)","decl":{"start":{"line":18,"column":2},"end":{"line":18,"column":3}},"loc":{"start":{"line":18,"column":12},"end":{"line":33,"column":3}},"line":18}},"branchMap":{"0":{"loc":{"start":{"line":23,"column":4},"end":{"line":25,"column":5}},"type":"if","locations":[{"start":{"line":23,"column":4},"end":{"line":25,"column":5}},{"start":{"line":23,"column":4},"end":{"line":25,"column":5}}],"line":23}},"s":{"0":2,"1":2,"2":1,"3":2,"4":1,"5":1},"f":{"0":2},"b":{"0":[1,1]},"_coverageSchema":"332fd63041d2c1bcb487cc26dd0d5f7d97098a6c","hash":"40b882d37abf648c39abc394660d2e3daa199fdd"}
}
